


ARM Macro Assembler    Page 1 


    1 00000000         ;************************************************
    2 00000000         ;* Beginn der globalen Daten *
    3 00000000         ;************************************************
    4 00000000                 AREA             MyData, DATA, align = 2
    5 00000000         Base
    6 00000000 34 12   VariableA
                               DCW              0x1234
    7 00000002 11 47   VariableB
                               DCW              0x4711
    8 00000004         
    9 00000004 00000000 
                       VariableC
                               DCD              0
   10 00000008         
   11 00000008 22 00 3E 
              00 CC FF 
              4E 00 27 
              00 45 00 MeinHalbwortFeld
                               DCW              0x22 , 0x3e , -52, 78 , 0x27 , 
0x45
   12 00000014         
   13 00000014 12345678 
              9DCA5986 MeinWortFeld
                               DCD              0x12345678 , 0x9dca5986
   14 0000001C CC000000 
              4E000000         DCD              -872415232 , 1308622848
   15 00000024 27000000        DCD              0x27000000
   16 00000028 45000000        DCD              0x45000000
   17 0000002C         
   18 0000002C 41 42 61 
              62 30 31 
              32 33 00 MeinTextFeld
                               DCB              "ABab0123",0
   19 00000035         
   20 00000035                 EXPORT           VariableA
   21 00000035                 EXPORT           VariableB
   22 00000035                 EXPORT           VariableC
   23 00000035                 EXPORT           MeinHalbwortFeld
   24 00000035                 EXPORT           MeinWortFeld
   25 00000035                 EXPORT           MeinTextFeld
   26 00000035         
   27 00000035         ;***********************************************
   28 00000035         ;* Beginn des Programms *
   29 00000035         ;************************************************
   30 00000035                 AREA             |.text|, CODE, READONLY, ALIGN 
= 3
   31 00000000         ; ----- S t a r t des Hauptprogramms -----
   32 00000000                 EXPORT           main
   33 00000000                 EXTERN           initITSboard
   34 00000000         main    PROC
   35 00000000 F7FF FFFE       bl               initITSboard 
                                                            ; HW Initialisieren
                                                            
   36 00000004         ; Laden von Konstanten in Register
   37 00000004 F04F 0012       mov              r0,#0x12    ; Anw-01
   38 00000008 F06F 017F       mov              r1,#-128    ; Anw-02
   39 0000000C 4A0E            ldr              r2,=0x12345678 ; Anw-03
   40 0000000E         
   41 0000000E         ; Zugriff auf Variable



ARM Macro Assembler    Page 2 


   42 0000000E         
   43 0000000E 480F            ldr              r0,=VariableA ; Anw-04
   44 00000010 8801            ldrh             r1,[r0]     ; Anw-05
   45 00000012 6802            ldr              r2,[r0]     ; Anw-06
   46 00000014 6042            str              r2,[r0,#VariableC-VariableA] 
                                                            ; Anw-07
   47 00000016         
   48 00000016         ; Zugriff auf Felder (Speicherzellen)
   49 00000016         
   50 00000016 480E            ldr              r0,=MeinHalbwortFeld ; Anw-08
   51 00000018 8801            ldrh             r1,[r0]     ; Anw-09
   52 0000001A 8842            ldrh             r2,[r0,#2]  ; Anw-10
   53 0000001C F04F 030A       mov              r3,#10      ; Anw-11
   54 00000020 5AC4            ldrh             r4,[r0,r3]  ; Anw-12
   55 00000022         
   56 00000022 F830 5F02       ldrh             r5,[r0,#2]! ; Anw-13
   57 00000026 F830 6F02       ldrh             r6,[r0,#2]! ; Anw-14
   58 0000002A F820 6F02       strh             r6,[r0,#2]! ; Anw-15
   59 0000002E         
   60 0000002E         ; Addition und Subtraktion von unsigned / signed Integer
                       -Werten
   61 0000002E 4809            ldr              r0,=MeinWortFeld ; Anw-16
   62 00000030 6801            ldr              r1,[r0]     ; Anw-17
   63 00000032 6842            ldr              r2,[r0,#4]  ; Anw-18
   64 00000034 188B            adds             r3,r1,r2    ; Anw-19
   65 00000036         
   66 00000036 6884            ldr              r4,[r0,#8]  ; Anw-20
   67 00000038 68C5            ldr              r5,[r0,#12] ; Anw-21
   68 0000003A 1B66            subs             r6,r4,r5    ; Anw-22
   69 0000003C         
   70 0000003C 6907            ldr              r7,[r0,#16] ; Anw-23
   71 0000003E F8D0 8014       ldr              r8,[r0,#20] ; Anw-24
   72 00000042 EBB7 0908       subs             r9,r7,r8    ; Anw-25
   73 00000046         
   74 00000046 E7FE    forever b                forever     ; Anw-26
   75 00000048                 ENDP
   76 00000048                 END
              12345678 
              00000000 
              00000000 
              00000000 
Command Line: --debug --xref --diag_suppress=9931 --cpu=Cortex-M4.fp.sp --depen
d=.\itsboard\main_1.d -o.\itsboard\main_1.o -I.\RTE\_ITSboard_Assembler -IC:\Us
ers\prate\AppData\Local\Arm\Packs\ARM\CMSIS\5.9.0\CMSIS\Core\Include -IC:\Users
\prate\AppData\Local\Arm\Packs\Keil\STM32F4xx_DFP\2.16.0\Drivers\CMSIS\Device\S
T\STM32F4xx\Include --predefine="__EVAL SETA 1" --predefine="__MICROLIB SETA 1"
 --predefine="__UVISION_VERSION SETA 537" --predefine="_RTE_ SETA 1" --predefin
e="STM32F429xx SETA 1" --predefine="_RTE_ SETA 1" --list=.\itsboard\main.lst ma
in.s



ARM Macro Assembler    Page 1 Alphabetic symbol ordering
Relocatable symbols

Base 00000000

Symbol: Base
   Definitions
      At line 5 in file main.s
   Uses
      None
Comment: Base unused
MeinHalbwortFeld 00000008

Symbol: MeinHalbwortFeld
   Definitions
      At line 11 in file main.s
   Uses
      At line 23 in file main.s
      At line 50 in file main.s

MeinTextFeld 0000002C

Symbol: MeinTextFeld
   Definitions
      At line 18 in file main.s
   Uses
      At line 25 in file main.s
Comment: MeinTextFeld used once
MeinWortFeld 00000014

Symbol: MeinWortFeld
   Definitions
      At line 13 in file main.s
   Uses
      At line 24 in file main.s
      At line 61 in file main.s

MyData 00000000

Symbol: MyData
   Definitions
      At line 4 in file main.s
   Uses
      None
Comment: MyData unused
VariableA 00000000

Symbol: VariableA
   Definitions
      At line 6 in file main.s
   Uses
      At line 20 in file main.s
      At line 43 in file main.s
      At line 46 in file main.s

VariableB 00000002

Symbol: VariableB
   Definitions
      At line 7 in file main.s
   Uses
      At line 21 in file main.s



ARM Macro Assembler    Page 2 Alphabetic symbol ordering
Relocatable symbols

Comment: VariableB used once
VariableC 00000004

Symbol: VariableC
   Definitions
      At line 9 in file main.s
   Uses
      At line 22 in file main.s
      At line 46 in file main.s

8 symbols



ARM Macro Assembler    Page 1 Alphabetic symbol ordering
Relocatable symbols

.text 00000000

Symbol: .text
   Definitions
      At line 30 in file main.s
   Uses
      None
Comment: .text unused
forever 00000046

Symbol: forever
   Definitions
      At line 74 in file main.s
   Uses
      At line 74 in file main.s
Comment: forever used once
main 00000000

Symbol: main
   Definitions
      At line 34 in file main.s
   Uses
      At line 32 in file main.s
Comment: main used once
3 symbols



ARM Macro Assembler    Page 1 Alphabetic symbol ordering
External symbols

initITSboard 00000000

Symbol: initITSboard
   Definitions
      At line 33 in file main.s
   Uses
      At line 35 in file main.s
Comment: initITSboard used once
1 symbol
350 symbols in table
